<?xml version="1.0" encoding="UTF-8"?>
<testsuite xmlns:xsi="http://www.w3.org/2001/XMLSchema-instance" xsi:noNamespaceSchemaLocation="https://maven.apache.org/surefire/maven-surefire-plugin/xsd/surefire-test-report.xsd" name="com.excilys.dao.DAOTest" time="0.077" tests="5" errors="0" skipped="5" failures="0">
  <properties>
[...]
</properties>
  <testcase name="requestAllComputerNotNull" classname="com.excilys.dao.DAOTest" time="0">
    <skipped/>
  </testcase>
  <testcase name="addComputer" classname="com.excilys.dao.DAOTest" time="0">
    <skipped/>
  </testcase>
  <testcase name="updateComputer" classname="com.excilys.dao.DAOTest" time="0">
    <skipped/>
  </testcase>
  <testcase name="findComputerNotinH2ButInDB" classname="com.excilys.dao.DAOTest" time="0">
    <skipped/>
  </testcase>
  <testcase name="deleteComputer" classname="com.excilys.dao.DAOTest" time="0">
    <skipped/>
  </testcase>
</testsuite>